<?xml version="1.0" encoding="UTF-8"?>
<!-- Generated by org.testng.reporters.JUnitReportReporter -->
<testsuite hostname="DESKTOP-T4JFSQT" failures="0" tests="2" name="com.Navigation" time="0.028" errors="0" timestamp="2023-05-02T20:58:44 IST" skipped="0">
  <testcase classname="com.Navigation" name="item" time="0.023"/>
  <system-out/>
  <testcase classname="com.Navigation" name="item2" time="0.005"/>
  <system-out/>
</testsuite> <!-- com.Navigation -->
